  [1m[35m (0.1ms)[0m  [1m[34mSELECT sqlite_version(*)[0m
  ↳ bin/rails:9
  [1m[35m (1.4ms)[0m  [1m[35mCREATE TABLE "schema_migrations" ("version" varchar NOT NULL PRIMARY KEY)[0m
  ↳ bin/rails:9
  [1m[35m (1.1ms)[0m  [1m[35mCREATE TABLE "ar_internal_metadata" ("key" varchar NOT NULL PRIMARY KEY, "value" varchar, "created_at" datetime NOT NULL, "updated_at" datetime NOT NULL)[0m
  ↳ bin/rails:9
  [1m[35m (0.1ms)[0m  [1m[34mSELECT "schema_migrations"."version" FROM "schema_migrations" ORDER BY "schema_migrations"."version" ASC[0m
  ↳ bin/rails:9
Migrating to CreateUsers (20190424221404)
  [1m[35m (0.1ms)[0m  [1m[36mbegin transaction[0m
  ↳ bin/rails:9
  [1m[35m (0.5ms)[0m  [1m[35mCREATE TABLE "users" ("id" integer PRIMARY KEY AUTOINCREMENT NOT NULL, "username" varchar, "password_digest" varchar, "email" varchar, "phone_number" integer, "user_type" varchar, "created_at" datetime NOT NULL, "updated_at" datetime NOT NULL)[0m
  ↳ db/migrate/20190424221404_create_users.rb:3
  [1m[36mActiveRecord::SchemaMigration Create (0.2ms)[0m  [1m[32mINSERT INTO "schema_migrations" ("version") VALUES (?)[0m  [["version", "20190424221404"]]
  ↳ bin/rails:9
  [1m[35m (0.9ms)[0m  [1m[36mcommit transaction[0m
  ↳ bin/rails:9
Migrating to CreateUserItems (20190424221555)
  [1m[35m (0.1ms)[0m  [1m[36mbegin transaction[0m
  ↳ bin/rails:9
  [1m[35m (0.4ms)[0m  [1m[35mCREATE TABLE "user_items" ("id" integer PRIMARY KEY AUTOINCREMENT NOT NULL, "user_id" integer, "item_id" integer, "created_at" datetime NOT NULL, "updated_at" datetime NOT NULL)[0m
  ↳ db/migrate/20190424221555_create_user_items.rb:3
  [1m[36mActiveRecord::SchemaMigration Create (0.2ms)[0m  [1m[32mINSERT INTO "schema_migrations" ("version") VALUES (?)[0m  [["version", "20190424221555"]]
  ↳ bin/rails:9
  [1m[35m (0.8ms)[0m  [1m[36mcommit transaction[0m
  ↳ bin/rails:9
Migrating to CreateItems (20190424221723)
  [1m[35m (0.1ms)[0m  [1m[36mbegin transaction[0m
  ↳ bin/rails:9
  [1m[35m (0.4ms)[0m  [1m[35mCREATE TABLE "items" ("id" integer PRIMARY KEY AUTOINCREMENT NOT NULL, "name" varchar, "price" integer, "sold_by" varchar, "category" varchar, "description" varchar, "created_at" datetime NOT NULL, "updated_at" datetime NOT NULL)[0m
  ↳ db/migrate/20190424221723_create_items.rb:3
  [1m[36mActiveRecord::SchemaMigration Create (0.2ms)[0m  [1m[32mINSERT INTO "schema_migrations" ("version") VALUES (?)[0m  [["version", "20190424221723"]]
  ↳ bin/rails:9
  [1m[35m (0.8ms)[0m  [1m[36mcommit transaction[0m
  ↳ bin/rails:9
Migrating to CreateStoreItems (20190424221808)
  [1m[35m (0.1ms)[0m  [1m[36mbegin transaction[0m
  ↳ bin/rails:9
  [1m[35m (0.4ms)[0m  [1m[35mCREATE TABLE "store_items" ("id" integer PRIMARY KEY AUTOINCREMENT NOT NULL, "store_id" integer, "item_id" integer, "created_at" datetime NOT NULL, "updated_at" datetime NOT NULL)[0m
  ↳ db/migrate/20190424221808_create_store_items.rb:3
  [1m[36mActiveRecord::SchemaMigration Create (0.2ms)[0m  [1m[32mINSERT INTO "schema_migrations" ("version") VALUES (?)[0m  [["version", "20190424221808"]]
  ↳ bin/rails:9
  [1m[35m (0.8ms)[0m  [1m[36mcommit transaction[0m
  ↳ bin/rails:9
Migrating to CreateStores (20190424222010)
  [1m[35m (0.1ms)[0m  [1m[36mbegin transaction[0m
  ↳ bin/rails:9
  [1m[35m (0.4ms)[0m  [1m[35mCREATE TABLE "stores" ("id" integer PRIMARY KEY AUTOINCREMENT NOT NULL, "name" varchar, "image_url" varchar, "created_at" datetime NOT NULL, "updated_at" datetime NOT NULL)[0m
  ↳ db/migrate/20190424222010_create_stores.rb:3
  [1m[36mActiveRecord::SchemaMigration Create (0.2ms)[0m  [1m[32mINSERT INTO "schema_migrations" ("version") VALUES (?)[0m  [["version", "20190424222010"]]
  ↳ bin/rails:9
  [1m[35m (0.8ms)[0m  [1m[36mcommit transaction[0m
  ↳ bin/rails:9
  [1m[36mActiveRecord::InternalMetadata Load (0.2ms)[0m  [1m[34mSELECT  "ar_internal_metadata".* FROM "ar_internal_metadata" WHERE "ar_internal_metadata"."key" = ? LIMIT ?[0m  [["key", "environment"], ["LIMIT", 1]]
  ↳ bin/rails:9
  [1m[35m (0.1ms)[0m  [1m[36mbegin transaction[0m
  ↳ bin/rails:9
  [1m[36mActiveRecord::InternalMetadata Create (0.3ms)[0m  [1m[32mINSERT INTO "ar_internal_metadata" ("key", "value", "created_at", "updated_at") VALUES (?, ?, ?, ?)[0m  [["key", "environment"], ["value", "development"], ["created_at", "2019-04-24 22:27:04.403647"], ["updated_at", "2019-04-24 22:27:04.403647"]]
  ↳ bin/rails:9
  [1m[35m (0.8ms)[0m  [1m[36mcommit transaction[0m
  ↳ bin/rails:9
  [1m[35m (0.1ms)[0m  [1m[34mSELECT "schema_migrations"."version" FROM "schema_migrations" ORDER BY "schema_migrations"."version" ASC[0m
  ↳ bin/rails:9
  [1m[35m (0.1ms)[0m  [1m[34mSELECT "schema_migrations"."version" FROM "schema_migrations" ORDER BY "schema_migrations"."version" ASC[0m
  ↳ bin/rails:9
Migrating to AddImageUrlToItems (20190424223105)
  [1m[35m (0.1ms)[0m  [1m[36mbegin transaction[0m
  ↳ bin/rails:9
  [1m[35m (1.1ms)[0m  [1m[35mALTER TABLE "items" ADD "image_url" varchar[0m
  ↳ db/migrate/20190424223105_add_image_url_to_items.rb:3
  [1m[36mActiveRecord::SchemaMigration Create (0.2ms)[0m  [1m[32mINSERT INTO "schema_migrations" ("version") VALUES (?)[0m  [["version", "20190424223105"]]
  ↳ bin/rails:9
  [1m[35m (0.8ms)[0m  [1m[36mcommit transaction[0m
  ↳ bin/rails:9
  [1m[36mActiveRecord::InternalMetadata Load (0.2ms)[0m  [1m[34mSELECT  "ar_internal_metadata".* FROM "ar_internal_metadata" WHERE "ar_internal_metadata"."key" = ? LIMIT ?[0m  [["key", "environment"], ["LIMIT", 1]]
  ↳ bin/rails:9
  [1m[35m (0.1ms)[0m  [1m[36mbegin transaction[0m
  ↳ bin/rails:9
  [1m[35m (0.0ms)[0m  [1m[36mcommit transaction[0m
  ↳ bin/rails:9
  [1m[35m (0.1ms)[0m  [1m[34mSELECT "schema_migrations"."version" FROM "schema_migrations" ORDER BY "schema_migrations"."version" ASC[0m
  ↳ bin/rails:9
  [1m[35m (0.7ms)[0m  [1m[34mSELECT "schema_migrations"."version" FROM "schema_migrations" ORDER BY "schema_migrations"."version" ASC[0m
  ↳ bin/rails:9
  [1m[35m (0.3ms)[0m  [1m[34mSELECT "schema_migrations"."version" FROM "schema_migrations" ORDER BY "schema_migrations"."version" ASC[0m
  ↳ bin/rails:9
  [1m[35m (0.0ms)[0m  [1m[36mbegin transaction[0m
  ↳ db/seeds.rb:12
  [1m[36mUser Exists (0.3ms)[0m  [1m[34mSELECT  1 AS one FROM "users" WHERE LOWER("users"."username") = LOWER(?) LIMIT ?[0m  [["username", "rob"], ["LIMIT", 1]]
  ↳ db/seeds.rb:12
  [1m[36mUser Create (0.6ms)[0m  [1m[32mINSERT INTO "users" ("username", "password_digest", "email", "phone_number", "user_type", "created_at", "updated_at") VALUES (?, ?, ?, ?, ?, ?, ?)[0m  [["username", "rob"], ["password_digest", "1234"], ["email", "robby\n  @robby.com"], ["phone_number", 1234567890], ["user_type", "customer"], ["created_at", "2019-04-24 23:39:14.105349"], ["updated_at", "2019-04-24 23:39:14.105349"]]
  ↳ db/seeds.rb:12
  [1m[35m (0.8ms)[0m  [1m[36mcommit transaction[0m
  ↳ db/seeds.rb:12
  [1m[35m (0.0ms)[0m  [1m[36mbegin transaction[0m
  ↳ db/seeds.rb:15
  [1m[36mItem Create (0.5ms)[0m  [1m[32mINSERT INTO "items" ("name", "price", "sold_by", "category", "description", "created_at", "updated_at", "image_url") VALUES (?, ?, ?, ?, ?, ?, ?, ?)[0m  [["name", "banana"], ["price", 0], ["sold_by", "/LB"], ["category", "produce"], ["description", "monkey's fav"], ["created_at", "2019-04-24 23:39:14.121181"], ["updated_at", "2019-04-24 23:39:14.121181"], ["image_url", "https://images.unsplash.com/photo-1528825871115-3581a5387919?ixlib=rb-1.2.1&ixid=eyJhcHBfaWQiOjEyMDd9&auto=format&fit=crop&w=658&q=80"]]
  ↳ db/seeds.rb:15
  [1m[35m (0.7ms)[0m  [1m[36mcommit transaction[0m
  ↳ db/seeds.rb:15
  [1m[35m (0.0ms)[0m  [1m[36mbegin transaction[0m
  ↳ db/seeds.rb:17
  [1m[36mItem Create (0.3ms)[0m  [1m[32mINSERT INTO "items" ("name", "price", "sold_by", "category", "description", "created_at", "updated_at", "image_url") VALUES (?, ?, ?, ?, ?, ?, ?, ?)[0m  [["name", "fuji apple"], ["price", 1], ["sold_by", "/LB"], ["category", "produce"], ["description", "grown in NY state, support your local orchards"], ["created_at", "2019-04-24 23:39:14.123763"], ["updated_at", "2019-04-24 23:39:14.123763"], ["image_url", "https://images.unsplash.com/photo-1506813713591-56fc5e539b80?ixlib=rb-1.2.1&ixid=eyJhcHBfaWQiOjEyMDd9&auto=format&fit=crop&w=1348&q=80"]]
  ↳ db/seeds.rb:17
  [1m[35m (0.7ms)[0m  [1m[36mcommit transaction[0m
  ↳ db/seeds.rb:17
  [1m[35m (0.0ms)[0m  [1m[36mbegin transaction[0m
  ↳ db/seeds.rb:19
  [1m[36mItem Create (0.3ms)[0m  [1m[32mINSERT INTO "items" ("name", "price", "sold_by", "category", "description", "created_at", "updated_at", "image_url") VALUES (?, ?, ?, ?, ?, ?, ?, ?)[0m  [["name", "white peach"], ["price", 0], ["sold_by", "/LB"], ["category", "produce"], ["description", "Grown in NJ. Perfect for a pie or wash and enjoy as nature intended"], ["created_at", "2019-04-24 23:39:14.126378"], ["updated_at", "2019-04-24 23:39:14.126378"], ["image_url", "https://images.unsplash.com/photo-1532704868953-d85f24176d73?ixlib=rb-1.2.1&ixid=eyJhcHBfaWQiOjEyMDd9&auto=format&fit=crop&w=1350&q=80"]]
  ↳ db/seeds.rb:19
  [1m[35m (0.8ms)[0m  [1m[36mcommit transaction[0m
  ↳ db/seeds.rb:19
  [1m[35m (0.0ms)[0m  [1m[36mbegin transaction[0m
  ↳ db/seeds.rb:21
  [1m[36mUser Load (0.1ms)[0m  [1m[34mSELECT  "users".* FROM "users" WHERE "users"."id" = ? LIMIT ?[0m  [["id", 1], ["LIMIT", 1]]
  ↳ db/seeds.rb:21
  [1m[36mItem Load (0.2ms)[0m  [1m[34mSELECT  "items".* FROM "items" WHERE "items"."id" = ? LIMIT ?[0m  [["id", 1], ["LIMIT", 1]]
  ↳ db/seeds.rb:21
  [1m[36mUserItem Create (0.7ms)[0m  [1m[32mINSERT INTO "user_items" ("user_id", "item_id", "created_at", "updated_at") VALUES (?, ?, ?, ?)[0m  [["user_id", 1], ["item_id", 1], ["created_at", "2019-04-24 23:39:14.154623"], ["updated_at", "2019-04-24 23:39:14.154623"]]
  ↳ db/seeds.rb:21
  [1m[35m (0.8ms)[0m  [1m[36mcommit transaction[0m
  ↳ db/seeds.rb:21
  [1m[35m (0.0ms)[0m  [1m[36mbegin transaction[0m
  ↳ db/seeds.rb:23
  [1m[36mStore Create (0.8ms)[0m  [1m[32mINSERT INTO "stores" ("name", "image_url", "created_at", "updated_at") VALUES (?, ?, ?, ?)[0m  [["name", "Trader Robby's"], ["image_url", "https://www.expertsure.com/uk/merchant-accounts/wp-content/uploads/2018/03/merchant-icon-300x300.png"], ["created_at", "2019-04-24 23:39:14.165154"], ["updated_at", "2019-04-24 23:39:14.165154"]]
  ↳ db/seeds.rb:23
  [1m[35m (0.7ms)[0m  [1m[36mcommit transaction[0m
  ↳ db/seeds.rb:23
  [1m[35m (0.1ms)[0m  [1m[36mbegin transaction[0m
  ↳ db/seeds.rb:25
  [1m[36mItem Load (0.2ms)[0m  [1m[34mSELECT  "items".* FROM "items" WHERE "items"."id" = ? LIMIT ?[0m  [["id", 2], ["LIMIT", 1]]
  ↳ db/seeds.rb:25
  [1m[36mStore Load (0.1ms)[0m  [1m[34mSELECT  "stores".* FROM "stores" WHERE "stores"."id" = ? LIMIT ?[0m  [["id", 1], ["LIMIT", 1]]
  ↳ db/seeds.rb:25
  [1m[36mStoreItem Create (0.6ms)[0m  [1m[32mINSERT INTO "store_items" ("store_id", "item_id", "created_at", "updated_at") VALUES (?, ?, ?, ?)[0m  [["store_id", 1], ["item_id", 2], ["created_at", "2019-04-24 23:39:14.179271"], ["updated_at", "2019-04-24 23:39:14.179271"]]
  ↳ db/seeds.rb:25
  [1m[35m (0.8ms)[0m  [1m[36mcommit transaction[0m
  ↳ db/seeds.rb:25
  [1m[36mUser Load (0.1ms)[0m  [1m[34mSELECT  "users".* FROM "users" ORDER BY "users"."id" ASC LIMIT ?[0m  [["LIMIT", 1]]
  [1m[36mItem Load (0.2ms)[0m  [1m[34mSELECT  "items".* FROM "items" LIMIT ?[0m  [["LIMIT", 11]]
  [1m[36mUserItem Load (0.2ms)[0m  [1m[34mSELECT  "user_items".* FROM "user_items" LIMIT ?[0m  [["LIMIT", 11]]
  [1m[36mStore Load (0.2ms)[0m  [1m[34mSELECT  "stores".* FROM "stores" LIMIT ?[0m  [["LIMIT", 11]]
  [1m[36mStoreItem Load (0.3ms)[0m  [1m[34mSELECT  "store_items".* FROM "store_items" LIMIT ?[0m  [["LIMIT", 11]]
  [1m[36mUser Load (0.2ms)[0m  [1m[34mSELECT  "users".* FROM "users" ORDER BY "users"."id" ASC LIMIT ?[0m  [["LIMIT", 1]]
  [1m[36mItem Load (0.2ms)[0m  [1m[34mSELECT  "items".* FROM "items" INNER JOIN "user_items" ON "items"."id" = "user_items"."item_id" WHERE "user_items"."user_id" = ? LIMIT ?[0m  [["user_id", 1], ["LIMIT", 11]]
  [1m[36mItem Load (0.2ms)[0m  [1m[34mSELECT  "items".* FROM "items" ORDER BY "items"."id" ASC LIMIT ?[0m  [["LIMIT", 1]]
  [1m[36mUser Load (0.2ms)[0m  [1m[34mSELECT  "users".* FROM "users" INNER JOIN "user_items" ON "users"."id" = "user_items"."user_id" WHERE "user_items"."item_id" = ? LIMIT ?[0m  [["item_id", 1], ["LIMIT", 11]]
  [1m[36mStore Load (0.2ms)[0m  [1m[34mSELECT  "stores".* FROM "stores" ORDER BY "stores"."id" ASC LIMIT ?[0m  [["LIMIT", 1]]
  [1m[36mItem Load (0.3ms)[0m  [1m[34mSELECT  "items".* FROM "items" INNER JOIN "store_items" ON "items"."id" = "store_items"."item_id" WHERE "store_items"."store_id" = ? LIMIT ?[0m  [["store_id", 1], ["LIMIT", 11]]
  [1m[36mItem Load (0.1ms)[0m  [1m[34mSELECT  "items".* FROM "items" ORDER BY "items"."id" ASC LIMIT ?[0m  [["LIMIT", 1]]
  [1m[36mStore Load (0.2ms)[0m  [1m[34mSELECT  "stores".* FROM "stores" INNER JOIN "store_items" ON "stores"."id" = "store_items"."store_id" WHERE "store_items"."item_id" = ? LIMIT ?[0m  [["item_id", 1], ["LIMIT", 11]]
  [1m[36mItem Load (0.2ms)[0m  [1m[34mSELECT  "items".* FROM "items" ORDER BY "items"."id" ASC LIMIT ? OFFSET ?[0m  [["LIMIT", 1], ["OFFSET", 1]]
  [1m[36mStore Load (0.1ms)[0m  [1m[34mSELECT  "stores".* FROM "stores" INNER JOIN "store_items" ON "stores"."id" = "store_items"."store_id" WHERE "store_items"."item_id" = ? LIMIT ?[0m  [["item_id", 2], ["LIMIT", 11]]
Started GET "/bf0072acc923151c02f6.hot-update.json" for ::1 at 2019-04-24 20:07:19 -0400
  [1m[35m (0.5ms)[0m  [1m[34mSELECT "schema_migrations"."version" FROM "schema_migrations" ORDER BY "schema_migrations"."version" ASC[0m
  ↳ /Users/mjmagic/.rvm/gems/ruby-2.3.3/gems/activerecord-5.2.3/lib/active_record/log_subscriber.rb:98
  
ActionController::RoutingError (No route matches [GET] "/bf0072acc923151c02f6.hot-update.json"):
  
actionpack (5.2.3) lib/action_dispatch/middleware/debug_exceptions.rb:65:in `call'
actionpack (5.2.3) lib/action_dispatch/middleware/show_exceptions.rb:33:in `call'
railties (5.2.3) lib/rails/rack/logger.rb:38:in `call_app'
railties (5.2.3) lib/rails/rack/logger.rb:26:in `block in call'
activesupport (5.2.3) lib/active_support/tagged_logging.rb:71:in `block in tagged'
activesupport (5.2.3) lib/active_support/tagged_logging.rb:28:in `tagged'
activesupport (5.2.3) lib/active_support/tagged_logging.rb:71:in `tagged'
railties (5.2.3) lib/rails/rack/logger.rb:26:in `call'
actionpack (5.2.3) lib/action_dispatch/middleware/remote_ip.rb:81:in `call'
actionpack (5.2.3) lib/action_dispatch/middleware/request_id.rb:27:in `call'
rack (2.0.7) lib/rack/runtime.rb:22:in `call'
activesupport (5.2.3) lib/active_support/cache/strategy/local_cache_middleware.rb:29:in `call'
actionpack (5.2.3) lib/action_dispatch/middleware/executor.rb:14:in `call'
actionpack (5.2.3) lib/action_dispatch/middleware/static.rb:127:in `call'
rack (2.0.7) lib/rack/sendfile.rb:111:in `call'
rack-cors (1.0.3) lib/rack/cors.rb:95:in `call'
rack-cors (1.0.3) lib/rack/cors.rb:95:in `call'
railties (5.2.3) lib/rails/engine.rb:524:in `call'
puma (3.12.1) lib/puma/configuration.rb:227:in `call'
puma (3.12.1) lib/puma/server.rb:660:in `handle_request'
puma (3.12.1) lib/puma/server.rb:474:in `process_client'
puma (3.12.1) lib/puma/server.rb:334:in `block in run'
puma (3.12.1) lib/puma/thread_pool.rb:135:in `block in spawn_thread'
Started GET "/?title=dasdad&body=dasdsaas" for ::1 at 2019-04-24 20:07:20 -0400
Processing by Rails::WelcomeController#index as HTML
  Parameters: {"title"=>"dasdad", "body"=>"dasdsaas"}
  Rendering /Users/mjmagic/.rvm/gems/ruby-2.3.3/gems/railties-5.2.3/lib/rails/templates/rails/welcome/index.html.erb
  Rendered /Users/mjmagic/.rvm/gems/ruby-2.3.3/gems/railties-5.2.3/lib/rails/templates/rails/welcome/index.html.erb (4.3ms)
Completed 200 OK in 16ms (Views: 12.3ms | ActiveRecord: 0.0ms)


Started GET "/?title=dasdad&body=dasdsaas" for ::1 at 2019-04-24 20:07:30 -0400
Processing by Rails::WelcomeController#index as HTML
  Parameters: {"title"=>"dasdad", "body"=>"dasdsaas"}
  Rendering /Users/mjmagic/.rvm/gems/ruby-2.3.3/gems/railties-5.2.3/lib/rails/templates/rails/welcome/index.html.erb
  Rendered /Users/mjmagic/.rvm/gems/ruby-2.3.3/gems/railties-5.2.3/lib/rails/templates/rails/welcome/index.html.erb (2.8ms)
Completed 200 OK in 8ms (Views: 5.3ms | ActiveRecord: 0.0ms)


Started GET "/?title=&body=" for ::1 at 2019-04-24 20:07:31 -0400
Processing by Rails::WelcomeController#index as HTML
  Parameters: {"title"=>"", "body"=>""}
  Rendering /Users/mjmagic/.rvm/gems/ruby-2.3.3/gems/railties-5.2.3/lib/rails/templates/rails/welcome/index.html.erb
  Rendered /Users/mjmagic/.rvm/gems/ruby-2.3.3/gems/railties-5.2.3/lib/rails/templates/rails/welcome/index.html.erb (3.1ms)
Completed 200 OK in 8ms (Views: 5.4ms | ActiveRecord: 0.0ms)


Started GET "/" for ::1 at 2019-04-24 20:07:31 -0400
Processing by Rails::WelcomeController#index as HTML
  Rendering /Users/mjmagic/.rvm/gems/ruby-2.3.3/gems/railties-5.2.3/lib/rails/templates/rails/welcome/index.html.erb
  Rendered /Users/mjmagic/.rvm/gems/ruby-2.3.3/gems/railties-5.2.3/lib/rails/templates/rails/welcome/index.html.erb (3.0ms)
Completed 200 OK in 8ms (Views: 5.5ms | ActiveRecord: 0.0ms)


Started GET "/" for ::1 at 2019-04-24 20:07:42 -0400
Processing by Rails::WelcomeController#index as HTML
  Rendering /Users/mjmagic/.rvm/gems/ruby-2.3.3/gems/railties-5.2.3/lib/rails/templates/rails/welcome/index.html.erb
  Rendered /Users/mjmagic/.rvm/gems/ruby-2.3.3/gems/railties-5.2.3/lib/rails/templates/rails/welcome/index.html.erb (2.8ms)
Completed 200 OK in 8ms (Views: 5.4ms | ActiveRecord: 0.0ms)


